c:\users\natha\opengl\opengl\opengl\x64\debug\window.obj
c:\users\natha\opengl\opengl\opengl\x64\debug\triangle.obj
c:\users\natha\opengl\opengl\opengl\x64\debug\texture.obj
c:\users\natha\opengl\opengl\opengl\x64\debug\shape.obj
c:\users\natha\opengl\opengl\opengl\x64\debug\application.obj
c:\users\natha\opengl\opengl\opengl\x64\debug\shader.obj
c:\users\natha\opengl\opengl\opengl\x64\debug\quad.obj
c:\users\natha\opengl\opengl\opengl\x64\debug\mesh.obj
c:\users\natha\opengl\opengl\opengl\x64\debug\input.obj
c:\users\natha\opengl\opengl\opengl\x64\debug\camera.obj
c:\users\natha\opengl\opengl\opengl\x64\debug\audio.obj
c:\users\natha\appdata\local\tempvc142.pdb
c:\users\natha\opengl\opengl\x64\debug\opengl.pdb
c:\users\natha\opengl\opengl\opengl\x64\debug\opengl.tlog\cl.command.1.tlog
c:\users\natha\opengl\opengl\opengl\x64\debug\opengl.tlog\cl.read.1.tlog
c:\users\natha\opengl\opengl\opengl\x64\debug\opengl.tlog\cl.write.1.tlog
c:\users\natha\opengl\opengl\opengl\x64\debug\opengl.tlog\link.32688.read.1.tlog
c:\users\natha\opengl\opengl\opengl\x64\debug\opengl.tlog\link.32688.write.1.tlog
c:\users\natha\opengl\opengl\opengl\x64\debug\opengl.tlog\link.command.1.tlog
c:\users\natha\opengl\opengl\opengl\x64\debug\opengl.tlog\link.read.1.tlog
c:\users\natha\opengl\opengl\opengl\x64\debug\opengl.tlog\link.write.1.tlog
